<?xml version="1.0" encoding="UTF-8"?>
<!-- Generated by org.testng.reporters.JUnitReportReporter -->
<testsuite skipped="0" hostname="T0x1cEnv31ope" name="com.tutorial.rapid.Nice1.tests.Scenario1" tests="1" failures="0" timestamp="07 Dec 2017 18:01:55 GMT" time="5.292" errors="0">
  <testcase name="CLICK_ON_START_BUTTON__TEST__" time="5.292" classname="com.tutorial.rapid.Nice1.tests.Scenario1"/>
</testsuite> <!-- com.tutorial.rapid.Nice1.tests.Scenario1 -->
